<?xml version="1.0" encoding="UTF-8" ?>
<testsuite tests="38" failures="0" name="by.academy.it.mysql.ClientDaoImplTest" time="0.952" errors="0" skipped="0">
  <properties>
    <property name="java.runtime.name" value="OpenJDK Runtime Environment"/>
    <property name="java.vm.version" value="11.0.2+9"/>
    <property name="sun.boot.library.path" value="C:\java\jdk\jdk-11.0.2\bin"/>
    <property name="maven.multiModuleProjectDirectory" value="C:\work\study\SQL\hello-my-sql"/>
    <property name="java.vm.vendor" value="Oracle Corporation"/>
    <property name="java.vendor.url" value="http://java.oracle.com/"/>
    <property name="guice.disable.misplaced.annotation.check" value="true"/>
    <property name="path.separator" value=";"/>
    <property name="java.vm.name" value="OpenJDK 64-Bit Server VM"/>
    <property name="sun.os.patch.level" value=""/>
    <property name="user.script" value=""/>
    <property name="user.country" value="US"/>
    <property name="sun.java.launcher" value="SUN_STANDARD"/>
    <property name="java.vm.specification.name" value="Java Virtual Machine Specification"/>
    <property name="user.dir" value="C:\work\study\SQL\hello-my-sql"/>
    <property name="java.vm.compressedOopsMode" value="Zero based"/>
    <property name="java.runtime.version" value="11.0.2+9"/>
    <property name="java.awt.graphicsenv" value="sun.awt.Win32GraphicsEnvironment"/>
    <property name="os.arch" value="amd64"/>
    <property name="java.io.tmpdir" value="C:\Users\User\AppData\Local\Temp\"/>
    <property name="line.separator" value="
"/>
    <property name="java.vm.specification.vendor" value="Oracle Corporation"/>
    <property name="user.variant" value=""/>
    <property name="os.name" value="Windows 10"/>
    <property name="maven.ext.class.path" value="C:\java\idea\ideaIC-2020.1.2.win\plugins\maven\lib\maven-event-listener.jar"/>
    <property name="classworlds.conf" value="C:\java\idea\ideaIC-2020.1.2.win\plugins\maven\lib\maven3\bin\m2.conf"/>
    <property name="sun.jnu.encoding" value="Cp1251"/>
    <property name="java.library.path" value="C:\java\jdk\jdk-11.0.2\bin;C:\Windows\Sun\Java\bin;C:\Windows\system32;C:\Windows;C:\Windows\system32;C:\Windows;C:\Windows\System32\Wbem;C:\Windows\System32\WindowsPowerShell\v1.0\;C:\Windows\System32\OpenSSH\;C:\Program Files\NVIDIA Corporation\NVIDIA NvDLISR;C:\Program Files (x86)\NVIDIA Corporation\PhysX\Common;C:\Program Files\Git\cmd;;C:\Program Files\Docker\Docker\resources\bin;C:\ProgramData\DockerDesktop\version-bin;C:\Users\User\AppData\Local\Microsoft\WindowsApps;C:\java\gwt\gwt-2.9.0;C:\java\maven\apache-maven-3.6.3\bin;C:\java\jdk\jdk-11.0.2\bin;C:\java\idea\ideaIC-2020.1.2.win\bin;C:\java\tomcat\apache-tomcat-9.0.36\bin;C:\java\postgresql\pgsql\bin;C:\java\wildfly\wildfly-20.0.0.Final\bin;;."/>
    <property name="maven.conf" value="C:\java\idea\ideaIC-2020.1.2.win\plugins\maven\lib\maven3/conf"/>
    <property name="jdk.debug" value="release"/>
    <property name="java.class.version" value="55.0"/>
    <property name="java.specification.name" value="Java Platform API Specification"/>
    <property name="sun.management.compiler" value="HotSpot 64-Bit Tiered Compilers"/>
    <property name="os.version" value="10.0"/>
    <property name="user.home" value="C:\Users\User"/>
    <property name="user.timezone" value="Europe/Moscow"/>
    <property name="java.awt.printerjob" value="sun.awt.windows.WPrinterJob"/>
    <property name="file.encoding" value="UTF-8"/>
    <property name="java.specification.version" value="11"/>
    <property name="user.name" value="User"/>
    <property name="java.class.path" value="C:\java\idea\ideaIC-2020.1.2.win\plugins\maven\lib\maven3\boot\plexus-classworlds-2.6.0.jar;C:\java\idea\ideaIC-2020.1.2.win\plugins\maven\lib\maven3\boot\plexus-classworlds.license"/>
    <property name="java.vm.specification.version" value="11"/>
    <property name="sun.arch.data.model" value="64"/>
    <property name="sun.java.command" value="org.codehaus.classworlds.Launcher -Didea.version2020.1.2 clean install"/>
    <property name="java.home" value="C:\java\jdk\jdk-11.0.2"/>
    <property name="user.language" value="en"/>
    <property name="java.specification.vendor" value="Oracle Corporation"/>
    <property name="idea.version2020.1.2" value="true"/>
    <property name="awt.toolkit" value="sun.awt.windows.WToolkit"/>
    <property name="java.vm.info" value="mixed mode"/>
    <property name="java.version" value="11.0.2"/>
    <property name="java.vendor" value="Oracle Corporation"/>
    <property name="maven.home" value="C:\java\idea\ideaIC-2020.1.2.win\plugins\maven\lib\maven3"/>
    <property name="file.separator" value="\"/>
    <property name="java.version.date" value="2019-01-15"/>
    <property name="java.vendor.url.bug" value="http://bugreport.java.com/bugreport/"/>
    <property name="sun.io.unicode.encoding" value="UnicodeLittle"/>
    <property name="sun.cpu.endian" value="little"/>
    <property name="java.vendor.version" value="18.9"/>
    <property name="sun.desktop" value="windows"/>
    <property name="sun.cpu.isalist" value="amd64"/>
  </properties>
  <testcase classname="by.academy.it.mysql.ClientDaoImplTest" name="deleteValidClient" time="0.311"/>
  <testcase classname="by.academy.it.mysql.ClientDaoImplTest" name="createClientWithNullSecondName" time="0.023"/>
  <testcase classname="by.academy.it.mysql.ClientDaoImplTest" name="crudFullCycleWithNullClient" time="0.029"/>
  <testcase classname="by.academy.it.mysql.ClientDaoImplTest" name="createClientWithIncorrectEmail" time="0.021"/>
  <testcase classname="by.academy.it.mysql.ClientDaoImplTest" name="createClientWithNegativeID" time="0.018"/>
  <testcase classname="by.academy.it.mysql.ClientDaoImplTest" name="createValidClient" time="0.019"/>
  <testcase classname="by.academy.it.mysql.ClientDaoImplTest" name="createClientIfClientEqualsNull" time="0.017"/>
  <testcase classname="by.academy.it.mysql.ClientDaoImplTest" name="readClientWithNullName" time="0.017"/>
  <testcase classname="by.academy.it.mysql.ClientDaoImplTest" name="updateClientWithZeroId" time="0.016"/>
  <testcase classname="by.academy.it.mysql.ClientDaoImplTest" name="readClientWithNullEmail" time="0.016"/>
  <testcase classname="by.academy.it.mysql.ClientDaoImplTest" name="readNullId" time="0.017"/>
  <testcase classname="by.academy.it.mysql.ClientDaoImplTest" name="readClientWithAllNullParameters" time="0.016"/>
  <testcase classname="by.academy.it.mysql.ClientDaoImplTest" name="createClientWithNullGender" time="0.017"/>
  <testcase classname="by.academy.it.mysql.ClientDaoImplTest" name="updateRecordNotExist" time="0.019"/>
  <testcase classname="by.academy.it.mysql.ClientDaoImplTest" name="readZeroId" time="0.014"/>
  <testcase classname="by.academy.it.mysql.ClientDaoImplTest" name="updateClientNullParameters" time="0.034"/>
  <testcase classname="by.academy.it.mysql.ClientDaoImplTest" name="createClientWithNullEmail" time="0.017"/>
  <testcase classname="by.academy.it.mysql.ClientDaoImplTest" name="updateClientIncorrectEmail" time="0.015"/>
  <testcase classname="by.academy.it.mysql.ClientDaoImplTest" name="readClientWithNullDateOfBirth" time="0.014"/>
  <testcase classname="by.academy.it.mysql.ClientDaoImplTest" name="getLastId" time="0.015"/>
  <testcase classname="by.academy.it.mysql.ClientDaoImplTest" name="crudFullCycleWithValidClient" time="0.022"/>
  <testcase classname="by.academy.it.mysql.ClientDaoImplTest" name="updateRecordWithNegativeId" time="0.016"/>
  <testcase classname="by.academy.it.mysql.ClientDaoImplTest" name="deleteClientWithNegativeIdTest1" time="0.013"/>
  <testcase classname="by.academy.it.mysql.ClientDaoImplTest" name="deleteClientWithNegativeIdTest2" time="0.014"/>
  <testcase classname="by.academy.it.mysql.ClientDaoImplTest" name="createClientWithNullDate" time="0.016"/>
  <testcase classname="by.academy.it.mysql.ClientDaoImplTest" name="createClientWithNullName" time="0.017"/>
  <testcase classname="by.academy.it.mysql.ClientDaoImplTest" name="updateValidClient" time="0.017"/>
  <testcase classname="by.academy.it.mysql.ClientDaoImplTest" name="createClientWithNullID" time="0.014"/>
  <testcase classname="by.academy.it.mysql.ClientDaoImplTest" name="readAll" time="0.015"/>
  <testcase classname="by.academy.it.mysql.ClientDaoImplTest" name="readClientWithNullGender" time="0.015"/>
  <testcase classname="by.academy.it.mysql.ClientDaoImplTest" name="createClientDuplicate" time="0.017"/>
  <testcase classname="by.academy.it.mysql.ClientDaoImplTest" name="readNotExistRecord" time="0.015"/>
  <testcase classname="by.academy.it.mysql.ClientDaoImplTest" name="createClientWithZeroID" time="0.015"/>
  <testcase classname="by.academy.it.mysql.ClientDaoImplTest" name="readNegativeId" time="0.015"/>
  <testcase classname="by.academy.it.mysql.ClientDaoImplTest" name="deleteClientWithNullIdTest1" time="0.021"/>
  <testcase classname="by.academy.it.mysql.ClientDaoImplTest" name="deleteClientWithNullIdTest2" time="0.015"/>
  <testcase classname="by.academy.it.mysql.ClientDaoImplTest" name="readClientWithNullSecondName" time="0.013"/>
  <testcase classname="by.academy.it.mysql.ClientDaoImplTest" name="readValidClient" time="0.017"/>
</testsuite>